<html>
<head>
<title>TestNG:  Test3</title>
<link href="../testng.css" rel="stylesheet" type="text/css" />
<link href="../my-testng.css" rel="stylesheet" type="text/css" />

<style type="text/css">
.log { display: none;} 
.stack-trace { display: none;} 
</style>
<script type="text/javascript">
<!--
function flip(e) {
  current = e.style.display;
  if (current == 'block') {
    e.style.display = 'none';
    return 0;
  }
  else {
    e.style.display = 'block';
    return 1;
  }
}

function toggleBox(szDivId, elem, msg1, msg2)
{
  var res = -1;  if (document.getElementById) {
    res = flip(document.getElementById(szDivId));
  }
  else if (document.all) {
    // this is the way old msie versions work
    res = flip(document.all[szDivId]);
  }
  if(elem) {
    if(res == 0) elem.innerHTML = msg1; else elem.innerHTML = msg2;
  }

}

function toggleAllBoxes() {
  if (document.getElementsByTagName) {
    d = document.getElementsByTagName('div');
    for (i = 0; i < d.length; i++) {
      if (d[i].className == 'log') {
        flip(d[i]);
      }
    }
  }
}

// -->
</script>

</head>
<body>
<h2 align='center'>Test3</h2><table border='1' align="center">
<tr>
<td>Tests passed/Failed/Skipped:</td><td>10/1/0</td>
</tr><tr>
<td>Started on:</td><td>Sun Aug 18 13:38:23 GST 2024</td>
</tr>
<tr><td>Total time:</td><td>363 seconds (363323 ms)</td>
</tr><tr>
<td>Included groups:</td><td></td>
</tr><tr>
<td>Excluded groups:</td><td></td>
</tr>
</table><p/>
<small><i>(Hover the method name to see the test class name)</i></small><p/>
<table width='100%' border='1' class='invocation-failed'>
<tr><td colspan='4' align='center'><b>FAILED TESTS</b></td></tr>
<tr><td><b>Test method</b></td>
<td><b>Attribute(s)</b></td>
<td width="30%"><b>Exception</b></td>
<td width="10%"><b>Time (seconds)</b></td>
<td><b>Instance</b></td>
</tr>
<tr>
<td title='ecommercetest.TC_009AddItemByBrand.tc_009AddItemShopByBrandMenu()'><b>tc_009AddItemShopByBrandMenu</b><br>Test class: ecommercetest.TC_009AddItemByBrand</td>
<td><div><pre>org.openqa.selenium.ElementClickInterceptedException: element click intercepted: Element &lt;button class=&quot;c-button-unstyled hamburger-menu-button&quot; type=&quot;button&quot; aria-controls=&quot;flyout-container&quot; aria-expanded=&quot;false&quot; aria-label=&quot;Menu&quot;&gt;...&lt;/button&gt; is not clickable at point (198, 77). Other element would receive the click: &lt;div id=&quot;confirmIt-backdrop&quot; class=&quot;confirmIt modal-backdrop in&quot;&gt;&lt;/div&gt;
  (Session info: chrome=127.0.6533.120)
Build info: version: &apos;4.21.0&apos;, revision: &apos;79ed462ef4&apos;
System info: os.name: &apos;Windows 11&apos;, os.arch: &apos;amd64&apos;, os.version: &apos;10.0&apos;, java.version: &apos;17.0.11&apos;
Driver info: org.openqa.selenium.chrome.ChromeDriver
Command: [7a08c3d0955b467f33a7cfb47aa583a9, clickElement {id=f.CDECC0697D2175352C7BCD7023E41602.d.8BF41813A76475DFDD25FF208555D7C9.e.68}]
Capabilities {acceptInsecureCerts: false, browserName: chrome, browserVersion: 127.0.6533.120, chrome: {chromedriverVersion: 127.0.6533.119 (bdef6783a05..., userDataDir: C:\Users\Lishanth\AppData\L...}, fedcm:accounts: true, goog:chromeOptions: {debuggerAddress: localhost:58334}, networkConnectionEnabled: false, pageLoadStrategy: normal, platformName: windows, proxy: Proxy(), se:cdp: ws://localhost:58334/devtoo..., se:cdpVersion: 127.0.6533.120, setWindowRect: true, strictFileInteractability: false, timeouts: {implicit: 0, pageLoad: 300000, script: 30000}, unhandledPromptBehavior: dismiss and notify, webauthn:extension:credBlob: true, webauthn:extension:largeBlob: true, webauthn:extension:minPinLength: true, webauthn:extension:prf: true, webauthn:virtualAuthenticators: true}
Element: [[ChromeDriver: chrome on windows (7a08c3d0955b467f33a7cfb47aa583a9)] -&gt; xpath: //button[@aria-label=&apos;Menu&apos;]]
Session ID: 7a08c3d0955b467f33a7cfb47aa583a9
	at org.openqa.selenium.remote.ErrorCodec.decode(ErrorCodec.java:167)
	at org.openqa.selenium.remote.codec.w3c.W3CHttpResponseCodec.decode(W3CHttpResponseCodec.java:138)
	at org.openqa.selenium.remote.codec.w3c.W3CHttpResponseCodec.decode(W3CHttpResponseCodec.java:50)
	at org.openqa.selenium.remote.HttpCommandExecutor.execute(HttpCommandExecutor.java:190)
	at org.openqa.selenium.remote.service.DriverCommandExecutor.invokeExecute(DriverCommandExecutor.java:216)
	at org.openqa.selenium.remote.service.DriverCommandExecutor.execute(DriverCommandExecutor.java:174)
	at org.openqa.selenium.remote.RemoteWebDriver.execute(RemoteWebDriver.java:518)
	at org.openqa.selenium.remote.RemoteWebElement.execute(RemoteWebElement.java:223)
	at org.openqa.selenium.remote.RemoteWebElement.click(RemoteWebElement.java:76)
	at org.openqa.selenium.support.pagefactory.internal.LocatingElementHandler.invoke(LocatingElementHandler.java:51)
	at jdk.proxy2/jdk.proxy2.$Proxy36.click(Unknown Source)
	at ecommerceutils.Utilsecommerce.clickOn(Utilsecommerce.java:145)
	at ecommercepages.Homepage.selectDellBrandInHomePage(Homepage.java:168)
	at ecommercetest.TC_009AddItemByBrand.tc_009AddItemShopByBrandMenu(TC_009AddItemByBrand.java:28)
	at java.base/java.util.ArrayList.forEach(ArrayList.java:1511)
... Removed 39 stack frames</pre></div><a href='#' onClick='toggleBox("stack-trace979102545", this, "Click to show all stack frames", "Click to hide stack frames")'>Click to show all stack frames</a>
<div class='stack-trace' id='stack-trace979102545'><pre>org.openqa.selenium.ElementClickInterceptedException: element click intercepted: Element &lt;button class=&quot;c-button-unstyled hamburger-menu-button&quot; type=&quot;button&quot; aria-controls=&quot;flyout-container&quot; aria-expanded=&quot;false&quot; aria-label=&quot;Menu&quot;&gt;...&lt;/button&gt; is not clickable at point (198, 77). Other element would receive the click: &lt;div id=&quot;confirmIt-backdrop&quot; class=&quot;confirmIt modal-backdrop in&quot;&gt;&lt;/div&gt;
  (Session info: chrome=127.0.6533.120)
Build info: version: &apos;4.21.0&apos;, revision: &apos;79ed462ef4&apos;
System info: os.name: &apos;Windows 11&apos;, os.arch: &apos;amd64&apos;, os.version: &apos;10.0&apos;, java.version: &apos;17.0.11&apos;
Driver info: org.openqa.selenium.chrome.ChromeDriver
Command: [7a08c3d0955b467f33a7cfb47aa583a9, clickElement {id=f.CDECC0697D2175352C7BCD7023E41602.d.8BF41813A76475DFDD25FF208555D7C9.e.68}]
Capabilities {acceptInsecureCerts: false, browserName: chrome, browserVersion: 127.0.6533.120, chrome: {chromedriverVersion: 127.0.6533.119 (bdef6783a05..., userDataDir: C:\Users\Lishanth\AppData\L...}, fedcm:accounts: true, goog:chromeOptions: {debuggerAddress: localhost:58334}, networkConnectionEnabled: false, pageLoadStrategy: normal, platformName: windows, proxy: Proxy(), se:cdp: ws://localhost:58334/devtoo..., se:cdpVersion: 127.0.6533.120, setWindowRect: true, strictFileInteractability: false, timeouts: {implicit: 0, pageLoad: 300000, script: 30000}, unhandledPromptBehavior: dismiss and notify, webauthn:extension:credBlob: true, webauthn:extension:largeBlob: true, webauthn:extension:minPinLength: true, webauthn:extension:prf: true, webauthn:virtualAuthenticators: true}
Element: [[ChromeDriver: chrome on windows (7a08c3d0955b467f33a7cfb47aa583a9)] -&gt; xpath: //button[@aria-label=&apos;Menu&apos;]]
Session ID: 7a08c3d0955b467f33a7cfb47aa583a9
	at java.base/jdk.internal.reflect.NativeConstructorAccessorImpl.newInstance0(Native Method)
	at java.base/jdk.internal.reflect.NativeConstructorAccessorImpl.newInstance(NativeConstructorAccessorImpl.java:77)
	at java.base/jdk.internal.reflect.DelegatingConstructorAccessorImpl.newInstance(DelegatingConstructorAccessorImpl.java:45)
	at java.base/java.lang.reflect.Constructor.newInstanceWithCaller(Constructor.java:499)
	at java.base/java.lang.reflect.Constructor.newInstance(Constructor.java:480)
	at org.openqa.selenium.remote.ErrorCodec.decode(ErrorCodec.java:167)
	at org.openqa.selenium.remote.codec.w3c.W3CHttpResponseCodec.decode(W3CHttpResponseCodec.java:138)
	at org.openqa.selenium.remote.codec.w3c.W3CHttpResponseCodec.decode(W3CHttpResponseCodec.java:50)
	at org.openqa.selenium.remote.HttpCommandExecutor.execute(HttpCommandExecutor.java:190)
	at org.openqa.selenium.remote.service.DriverCommandExecutor.invokeExecute(DriverCommandExecutor.java:216)
	at org.openqa.selenium.remote.service.DriverCommandExecutor.execute(DriverCommandExecutor.java:174)
	at org.openqa.selenium.remote.RemoteWebDriver.execute(RemoteWebDriver.java:518)
	at org.openqa.selenium.remote.RemoteWebElement.execute(RemoteWebElement.java:223)
	at org.openqa.selenium.remote.RemoteWebElement.click(RemoteWebElement.java:76)
	at jdk.internal.reflect.GeneratedMethodAccessor2.invoke(Unknown Source)
	at java.base/jdk.internal.reflect.DelegatingMethodAccessorImpl.invoke(DelegatingMethodAccessorImpl.java:43)
	at java.base/java.lang.reflect.Method.invoke(Method.java:568)
	at org.openqa.selenium.support.pagefactory.internal.LocatingElementHandler.invoke(LocatingElementHandler.java:51)
	at jdk.proxy2/jdk.proxy2.$Proxy36.click(Unknown Source)
	at ecommerceutils.Utilsecommerce.clickOn(Utilsecommerce.java:145)
	at ecommercepages.Homepage.selectDellBrandInHomePage(Homepage.java:168)
	at ecommercetest.TC_009AddItemByBrand.tc_009AddItemShopByBrandMenu(TC_009AddItemByBrand.java:28)
	at java.base/jdk.internal.reflect.NativeMethodAccessorImpl.invoke0(Native Method)
	at java.base/jdk.internal.reflect.NativeMethodAccessorImpl.invoke(NativeMethodAccessorImpl.java:77)
	at java.base/jdk.internal.reflect.DelegatingMethodAccessorImpl.invoke(DelegatingMethodAccessorImpl.java:43)
	at java.base/java.lang.reflect.Method.invoke(Method.java:568)
	at org.testng.internal.invokers.MethodInvocationHelper.invokeMethod(MethodInvocationHelper.java:139)
	at org.testng.internal.invokers.TestInvoker.invokeMethod(TestInvoker.java:664)
	at org.testng.internal.invokers.TestInvoker.invokeTestMethod(TestInvoker.java:227)
	at org.testng.internal.invokers.MethodRunner.runInSequence(MethodRunner.java:50)
	at org.testng.internal.invokers.TestInvoker$MethodInvocationAgent.invoke(TestInvoker.java:957)
	at org.testng.internal.invokers.TestInvoker.invokeTestMethods(TestInvoker.java:200)
	at org.testng.internal.invokers.TestMethodWorker.invokeTestMethods(TestMethodWorker.java:148)
	at org.testng.internal.invokers.TestMethodWorker.run(TestMethodWorker.java:128)
	at java.base/java.util.ArrayList.forEach(ArrayList.java:1511)
	at org.testng.TestRunner.privateRun(TestRunner.java:848)
	at org.testng.TestRunner.run(TestRunner.java:621)
	at org.testng.SuiteRunner.runTest(SuiteRunner.java:443)
	at org.testng.SuiteRunner.runSequentially(SuiteRunner.java:437)
	at org.testng.SuiteRunner.privateRun(SuiteRunner.java:397)
	at org.testng.SuiteRunner.run(SuiteRunner.java:336)
	at org.testng.SuiteRunnerWorker.runSuite(SuiteRunnerWorker.java:52)
	at org.testng.SuiteRunnerWorker.run(SuiteRunnerWorker.java:95)
	at org.testng.TestNG.runSuitesSequentially(TestNG.java:1280)
	at org.testng.TestNG.runSuitesLocally(TestNG.java:1200)
	at org.testng.TestNG.runSuites(TestNG.java:1114)
	at org.testng.TestNG.run(TestNG.java:1082)
	at org.apache.maven.surefire.testng.TestNGExecutor.run(TestNGExecutor.java:308)
	at org.apache.maven.surefire.testng.TestNGXmlTestSuite.execute(TestNGXmlTestSuite.java:71)
	at org.apache.maven.surefire.testng.TestNGProvider.invoke(TestNGProvider.java:113)
	at org.apache.maven.surefire.booter.ForkedBooter.runSuitesInProcess(ForkedBooter.java:385)
	at org.apache.maven.surefire.booter.ForkedBooter.execute(ForkedBooter.java:162)
	at org.apache.maven.surefire.booter.ForkedBooter.run(ForkedBooter.java:507)
	at org.apache.maven.surefire.booter.ForkedBooter.main(ForkedBooter.java:495)
</pre></div></td>
<td>12</td>
<td>ecommercetest.TC_009AddItemByBrand@4007f65e</td></tr>
</table><p>
<table width='100%' border='1' class='invocation-passed'>
<tr><td colspan='4' align='center'><b>PASSED TESTS</b></td></tr>
<tr><td><b>Test method</b></td>
<td><b>Attribute(s)</b></td>
<td width="30%"><b>Exception</b></td>
<td width="10%"><b>Time (seconds)</b></td>
<td><b>Instance</b></td>
</tr>
<tr>
<td title='ecommercetest.TC_013AddtionalTask2.tc_013_A_ForgotpasswordFunctionality()'><b>tc_013_A_ForgotpasswordFunctionality</b><br>Test class: ecommercetest.TC_013AddtionalTask2<br>Parameters: gowthamidharma@gmail.com, (//h1[normalize-space()="Great. You've got a couple options."])[1], Great. You've got a couple options.</td>
<td></td>
<td>16</td>
<td>ecommercetest.TC_013AddtionalTask2@673fdbce</td></tr>
<tr>
<td title='ecommercetest.TC_008AddItemByDept.tc_008AddItemByDeptMenu()'><b>tc_008AddItemByDeptMenu</b><br>Test class: ecommercetest.TC_008AddItemByDept</td>
<td></td>
<td>61</td>
<td>ecommercetest.TC_008AddItemByDept@6f01b95f</td></tr>
<tr>
<td title='ecommercetest.TC_013AddtionalTask2.tc_013_A_ForgotpasswordFunctionality()'><b>tc_013_A_ForgotpasswordFunctionality</b><br>Test class: ecommercetest.TC_013AddtionalTask2<br>Parameters: , //p[text()='Please enter a valid email address.'], Please enter a valid email address.</td>
<td></td>
<td>16</td>
<td>ecommercetest.TC_013AddtionalTask2@673fdbce</td></tr>
<tr>
<td title='ecommercetest.TC_013AddtionalTask2.tc_013_B_AddItemByDeptMenuWithOffer()'><b>tc_013_B_AddItemByDeptMenuWithOffer</b><br>Test class: ecommercetest.TC_013AddtionalTask2</td>
<td></td>
<td>52</td>
<td>ecommercetest.TC_013AddtionalTask2@673fdbce</td></tr>
<tr>
<td title='ecommercetest.TC_012AdditionalTask1.tc_012_A_SearchBoxValidation()'><b>tc_012_A_SearchBoxValidation</b><br>Test class: ecommercetest.TC_012AdditionalTask1<br>Parameters: kettle, Results for "kettle" in Coffee, Tea & Espresso.Search all categories instead.</td>
<td></td>
<td>19</td>
<td>ecommercetest.TC_012AdditionalTask1@5965d37</td></tr>
<tr>
<td title='ecommercetest.TC_012AdditionalTask1.tc_012_B_validateBusinessAccount()'><b>tc_012_B_validateBusinessAccount</b><br>Test class: ecommercetest.TC_012AdditionalTask1</td>
<td></td>
<td>22</td>
<td>ecommercetest.TC_012AdditionalTask1@5965d37</td></tr>
<tr>
<td title='ecommercetest.TC_012AdditionalTask1.tc_012_A_SearchBoxValidation()'><b>tc_012_A_SearchBoxValidation</b><br>Test class: ecommercetest.TC_012AdditionalTask1<br>Parameters: "98465", Results for 98465</td>
<td></td>
<td>15</td>
<td>ecommercetest.TC_012AdditionalTask1@5965d37</td></tr>
<tr>
<td title='ecommercetest.TC_012AdditionalTask1.tc_012_C_ValiadateBrokenLinksInSignInPage()'><b>tc_012_C_ValiadateBrokenLinksInSignInPage</b><br>Test class: ecommercetest.TC_012AdditionalTask1</td>
<td></td>
<td>50</td>
<td>ecommercetest.TC_012AdditionalTask1@5965d37</td></tr>
<tr>
<td title='ecommercetest.TC_012AdditionalTask1.tc_012_A_SearchBoxValidation()'><b>tc_012_A_SearchBoxValidation</b><br>Test class: ecommercetest.TC_012AdditionalTask1<br>Parameters: %^*, Try a different search term or check out some of our suggestions below.</td>
<td></td>
<td>19</td>
<td>ecommercetest.TC_012AdditionalTask1@5965d37</td></tr>
<tr>
<td title='ecommercetest.TC_012AdditionalTask1.tc_012_A_SearchBoxValidation()'><b>tc_012_A_SearchBoxValidation</b><br>Test class: ecommercetest.TC_012AdditionalTask1<br>Parameters: *#@%, Results for *#@%</td>
<td></td>
<td>15</td>
<td>ecommercetest.TC_012AdditionalTask1@5965d37</td></tr>
</table><p>
</body>
</html>